c:\users\joeld\onedrive\escritorio\proyectossdl\diezjoelmillanvictor_commando\diezjoel.b70ab09d\x64\debug\vc143.pdb
c:\users\joeld\onedrive\escritorio\proyectossdl\diezjoelmillanvictor_commando\diezjoel.b70ab09d\x64\debug\vc143.idb
c:\users\joeld\onedrive\escritorio\proyectossdl\diezjoelmillanvictor_commando\diezjoel.b70ab09d\x64\debug\sprite.obj
c:\users\joeld\onedrive\escritorio\proyectossdl\diezjoelmillanvictor_commando\diezjoel.b70ab09d\x64\debug\scene.obj
c:\users\joeld\onedrive\escritorio\proyectossdl\diezjoelmillanvictor_commando\diezjoel.b70ab09d\x64\debug\rectanglecollider.obj
c:\users\joeld\onedrive\escritorio\proyectossdl\diezjoelmillanvictor_commando\diezjoel.b70ab09d\x64\debug\player.obj
c:\users\joeld\onedrive\escritorio\proyectossdl\diezjoelmillanvictor_commando\diezjoel.b70ab09d\x64\debug\parameters.obj
c:\users\joeld\onedrive\escritorio\proyectossdl\diezjoelmillanvictor_commando\diezjoel.b70ab09d\x64\debug\myphysics.obj
c:\users\joeld\onedrive\escritorio\proyectossdl\diezjoelmillanvictor_commando\diezjoel.b70ab09d\x64\debug\menuscene.obj
c:\users\joeld\onedrive\escritorio\proyectossdl\diezjoelmillanvictor_commando\diezjoel.b70ab09d\x64\debug\introscene.obj
c:\users\joeld\onedrive\escritorio\proyectossdl\diezjoelmillanvictor_commando\diezjoel.b70ab09d\x64\debug\helpscene.obj
c:\users\joeld\onedrive\escritorio\proyectossdl\diezjoelmillanvictor_commando\diezjoel.b70ab09d\x64\debug\gunweapon.obj
c:\users\joeld\onedrive\escritorio\proyectossdl\diezjoelmillanvictor_commando\diezjoel.b70ab09d\x64\debug\graphicsinterface.obj
c:\users\joeld\onedrive\escritorio\proyectossdl\diezjoelmillanvictor_commando\diezjoel.b70ab09d\x64\debug\gamescene.obj
c:\users\joeld\onedrive\escritorio\proyectossdl\diezjoelmillanvictor_commando\diezjoel.b70ab09d\x64\debug\game.obj
c:\users\joeld\onedrive\escritorio\proyectossdl\diezjoelmillanvictor_commando\diezjoel.b70ab09d\x64\debug\diezjoelmillanvictor_commando.obj
c:\users\joeld\onedrive\escritorio\proyectossdl\diezjoelmillanvictor_commando\diezjoel.b70ab09d\x64\debug\creditsscene.obj
c:\users\joeld\onedrive\escritorio\proyectossdl\diezjoelmillanvictor_commando\diezjoel.b70ab09d\x64\debug\collider.obj
c:\users\joeld\onedrive\escritorio\proyectossdl\diezjoelmillanvictor_commando\diezjoel.b70ab09d\x64\debug\circlecollider.obj
c:\users\joeld\onedrive\escritorio\proyectossdl\diezjoelmillanvictor_commando\diezjoel.b70ab09d\x64\debug\camera.obj
c:\users\joeld\onedrive\escritorio\proyectossdl\diezjoelmillanvictor_commando\diezjoel.b70ab09d\x64\debug\bullet.obj
c:\users\joeld\onedrive\escritorio\proyectossdl\diezjoelmillanvictor_commando\diezjoel.b70ab09d\x64\debug\actor.obj
c:\users\joeld\onedrive\escritorio\proyectossdl\diezjoelmillanvictor_commando\diezjoel.b70ab09d\x64\debug\widget.obj
c:\users\joeld\onedrive\escritorio\proyectossdl\diezjoelmillanvictor_commando\diezjoel.b70ab09d\x64\debug\weapon.obj
c:\users\joeld\onedrive\escritorio\proyectossdl\diezjoelmillanvictor_commando\diezjoel.b70ab09d\x64\debug\vector2.obj
c:\users\joeld\onedrive\escritorio\proyectossdl\diezjoelmillanvictor_commando\diezjoel.b70ab09d\x64\debug\transform.obj
c:\users\victor\documents\diezjoelmillanvictor_commando\diezjoel.b70ab09d\x64\debug\vc143.pdb
c:\users\victor\documents\diezjoelmillanvictor_commando\diezjoel.b70ab09d\x64\debug\vc143.idb
c:\users\victor\documents\diezjoelmillanvictor_commando\diezjoel.b70ab09d\x64\debug\sprite.obj
c:\users\victor\documents\diezjoelmillanvictor_commando\diezjoel.b70ab09d\x64\debug\scene.obj
c:\users\victor\documents\diezjoelmillanvictor_commando\diezjoel.b70ab09d\x64\debug\rectanglecollider.obj
c:\users\victor\documents\diezjoelmillanvictor_commando\diezjoel.b70ab09d\x64\debug\player.obj
c:\users\victor\documents\diezjoelmillanvictor_commando\diezjoel.b70ab09d\x64\debug\parameters.obj
c:\users\victor\documents\diezjoelmillanvictor_commando\diezjoel.b70ab09d\x64\debug\myphysics.obj
c:\users\victor\documents\diezjoelmillanvictor_commando\diezjoel.b70ab09d\x64\debug\menuscene.obj
c:\users\victor\documents\diezjoelmillanvictor_commando\diezjoel.b70ab09d\x64\debug\introscene.obj
c:\users\victor\documents\diezjoelmillanvictor_commando\diezjoel.b70ab09d\x64\debug\helpscene.obj
c:\users\victor\documents\diezjoelmillanvictor_commando\diezjoel.b70ab09d\x64\debug\gunweapon.obj
c:\users\victor\documents\diezjoelmillanvictor_commando\diezjoel.b70ab09d\x64\debug\graphicsinterface.obj
c:\users\victor\documents\diezjoelmillanvictor_commando\diezjoel.b70ab09d\x64\debug\gamescene.obj
c:\users\victor\documents\diezjoelmillanvictor_commando\diezjoel.b70ab09d\x64\debug\game.obj
c:\users\victor\documents\diezjoelmillanvictor_commando\diezjoel.b70ab09d\x64\debug\diezjoelmillanvictor_commando.obj
c:\users\victor\documents\diezjoelmillanvictor_commando\diezjoel.b70ab09d\x64\debug\creditsscene.obj
c:\users\victor\documents\diezjoelmillanvictor_commando\diezjoel.b70ab09d\x64\debug\collider.obj
c:\users\victor\documents\diezjoelmillanvictor_commando\diezjoel.b70ab09d\x64\debug\circlecollider.obj
c:\users\victor\documents\diezjoelmillanvictor_commando\diezjoel.b70ab09d\x64\debug\camera.obj
c:\users\victor\documents\diezjoelmillanvictor_commando\diezjoel.b70ab09d\x64\debug\bullet.obj
c:\users\victor\documents\diezjoelmillanvictor_commando\diezjoel.b70ab09d\x64\debug\actor.obj
c:\users\victor\documents\diezjoelmillanvictor_commando\diezjoel.b70ab09d\x64\debug\widget.obj
c:\users\victor\documents\diezjoelmillanvictor_commando\diezjoel.b70ab09d\x64\debug\weapon.obj
c:\users\victor\documents\diezjoelmillanvictor_commando\diezjoel.b70ab09d\x64\debug\vector2.obj
c:\users\victor\documents\diezjoelmillanvictor_commando\diezjoel.b70ab09d\x64\debug\transform.obj
c:\users\joeld\onedrive\escritorio\proyectossdl\diezjoelmillanvictor_commando\x64\debug\diezjoelmillanvictor_commando.exe
c:\users\joeld\onedrive\escritorio\proyectossdl\diezjoelmillanvictor_commando\x64\debug\diezjoelmillanvictor_commando.pdb
c:\users\joeld\onedrive\escritorio\proyectossdl\diezjoelmillanvictor_commando\diezjoel.b70ab09d\x64\debug\diezjoelmillanvictor_commando.ilk
c:\users\victor\documents\diezjoelmillanvictor_commando\diezjoel.b70ab09d\x64\debug\diezjoel.b70ab09d.tlog\cl.command.1.tlog
c:\users\victor\documents\diezjoelmillanvictor_commando\diezjoel.b70ab09d\x64\debug\diezjoel.b70ab09d.tlog\cl.items.tlog
c:\users\victor\documents\diezjoelmillanvictor_commando\diezjoel.b70ab09d\x64\debug\diezjoel.b70ab09d.tlog\cl.read.1.tlog
c:\users\victor\documents\diezjoelmillanvictor_commando\diezjoel.b70ab09d\x64\debug\diezjoel.b70ab09d.tlog\cl.write.1.tlog
c:\users\victor\documents\diezjoelmillanvictor_commando\diezjoel.b70ab09d\x64\debug\diezjoel.b70ab09d.tlog\link.command.1.tlog
c:\users\victor\documents\diezjoelmillanvictor_commando\diezjoel.b70ab09d\x64\debug\diezjoel.b70ab09d.tlog\link.read.1.tlog
c:\users\victor\documents\diezjoelmillanvictor_commando\diezjoel.b70ab09d\x64\debug\diezjoel.b70ab09d.tlog\link.secondary.1.tlog
c:\users\victor\documents\diezjoelmillanvictor_commando\diezjoel.b70ab09d\x64\debug\diezjoel.b70ab09d.tlog\link.write.1.tlog
