  GameScene.cpp
C:\Users\Victor\Documents\DiezJoelMillanVictor_Commando\Vector2.h(41,14): warning C4244: 'inicializando': conversión de 'double' a 'float'; posible pérdida de datos
  (compilando archivo de origen "GameScene.cpp")
  
C:\Users\Victor\Documents\DiezJoelMillanVictor_Commando\GraphicsInterface.h(25,8): warning C4099: 'SDL_Window': nombre de tipo visto anteriormente usando 'struct' ahora se ve usando 'class'
  (compilando archivo de origen "GameScene.cpp")
      C:\Users\Victor\Documents\DiezJoelMillanVictor_Commando\SDL\SDL3-3.4.0\include\SDL3\SDL_video.h(175,16):
      vea la declaración de 'SDL_Window'
  
C:\Users\Victor\Documents\DiezJoelMillanVictor_Commando\GraphicsInterface.h(26,8): warning C4099: 'SDL_Renderer': nombre de tipo visto anteriormente usando 'struct' ahora se ve usando 'class'
  (compilando archivo de origen "GameScene.cpp")
      C:\Users\Victor\Documents\DiezJoelMillanVictor_Commando\SDL\SDL3-3.4.0\include\SDL3\SDL_render.h(146,16):
      vea la declaración de 'SDL_Renderer'
  
C:\Users\Victor\Documents\DiezJoelMillanVictor_Commando\GraphicsInterface.h(28,30): warning C4099: 'SDL_Texture': nombre de tipo visto anteriormente usando 'struct' ahora se ve usando 'class'
  (compilando archivo de origen "GameScene.cpp")
      C:\Users\Victor\Documents\DiezJoelMillanVictor_Commando\SDL\SDL3-3.4.0\include\SDL3\SDL_render.h(160,8):
      vea la declaración de 'SDL_Texture'
  
C:\Users\Victor\Documents\DiezJoelMillanVictor_Commando\GraphicsInterface.h(32,9): warning C4099: 'SDL_Texture': nombre de tipo visto anteriormente usando 'struct' ahora se ve usando 'class'
  (compilando archivo de origen "GameScene.cpp")
      C:\Users\Victor\Documents\DiezJoelMillanVictor_Commando\SDL\SDL3-3.4.0\include\SDL3\SDL_render.h(160,8):
      vea la declaración de 'SDL_Texture'
  
  IntroScene.cpp
C:\Users\Victor\Documents\DiezJoelMillanVictor_Commando\Vector2.h(41,14): warning C4244: 'inicializando': conversión de 'double' a 'float'; posible pérdida de datos
  (compilando archivo de origen "IntroScene.cpp")
  
C:\Users\Victor\Documents\DiezJoelMillanVictor_Commando\GraphicsInterface.h(25,8): warning C4099: 'SDL_Window': nombre de tipo visto anteriormente usando 'struct' ahora se ve usando 'class'
  (compilando archivo de origen "IntroScene.cpp")
      C:\Users\Victor\Documents\DiezJoelMillanVictor_Commando\SDL\SDL3-3.4.0\include\SDL3\SDL_video.h(175,16):
      vea la declaración de 'SDL_Window'
  
C:\Users\Victor\Documents\DiezJoelMillanVictor_Commando\GraphicsInterface.h(26,8): warning C4099: 'SDL_Renderer': nombre de tipo visto anteriormente usando 'struct' ahora se ve usando 'class'
  (compilando archivo de origen "IntroScene.cpp")
      C:\Users\Victor\Documents\DiezJoelMillanVictor_Commando\SDL\SDL3-3.4.0\include\SDL3\SDL_render.h(146,16):
      vea la declaración de 'SDL_Renderer'
  
C:\Users\Victor\Documents\DiezJoelMillanVictor_Commando\GraphicsInterface.h(28,30): warning C4099: 'SDL_Texture': nombre de tipo visto anteriormente usando 'struct' ahora se ve usando 'class'
  (compilando archivo de origen "IntroScene.cpp")
      C:\Users\Victor\Documents\DiezJoelMillanVictor_Commando\SDL\SDL3-3.4.0\include\SDL3\SDL_render.h(160,8):
      vea la declaración de 'SDL_Texture'
  
C:\Users\Victor\Documents\DiezJoelMillanVictor_Commando\GraphicsInterface.h(32,9): warning C4099: 'SDL_Texture': nombre de tipo visto anteriormente usando 'struct' ahora se ve usando 'class'
  (compilando archivo de origen "IntroScene.cpp")
      C:\Users\Victor\Documents\DiezJoelMillanVictor_Commando\SDL\SDL3-3.4.0\include\SDL3\SDL_render.h(160,8):
      vea la declaración de 'SDL_Texture'
  
  Player.cpp
C:\Users\Victor\Documents\DiezJoelMillanVictor_Commando\Vector2.h(41,14): warning C4244: 'inicializando': conversión de 'double' a 'float'; posible pérdida de datos
  (compilando archivo de origen "Player.cpp")
  
  Generando código...
C:\Users\Victor\Documents\DiezJoelMillanVictor_Commando\Player.cpp(432,24): error C2679: '[' binario: no se encontró un operador que adopte un operando en la parte derecha de tipo 'Animation *' (o bien no existe una conversión aceptable)
      C:\Program Files\Microsoft Visual Studio\2022\Community\VC\Tools\MSVC\14.44.35207\include\map(345,18):
      puede ser 'Animation *&std::map<std::string,Animation *,std::less<std::string>,std::allocator<std::pair<const std::string,Animation *>>>::operator [](const std::basic_string<char,std::char_traits<char>,std::allocator<char>> &)'
          C:\Users\Victor\Documents\DiezJoelMillanVictor_Commando\Player.cpp(432,24):
          'Animation *&std::map<std::string,Animation *,std::less<std::string>,std::allocator<std::pair<const std::string,Animation *>>>::operator [](const std::basic_string<char,std::char_traits<char>,std::allocator<char>> &)': el argumento 2 no puede convertirse de 'Animation *' a 'const std::basic_string<char,std::char_traits<char>,std::allocator<char>> &'
              C:\Users\Victor\Documents\DiezJoelMillanVictor_Commando\Player.cpp(432,35):
              Razón: no se puede realizar la conversión de 'Animation *' a 'const std::basic_string<char,std::char_traits<char>,std::allocator<char>>'
              C:\Users\Victor\Documents\DiezJoelMillanVictor_Commando\Player.cpp(432,35):
              'std::basic_string<char,std::char_traits<char>,std::allocator<char>>::basic_string':ninguna función sobrecargada pudo convertir todos los tipos de argumento
                  C:\Program Files\Microsoft Visual Studio\2022\Community\VC\Tools\MSVC\14.44.35207\include\xstring(768,5):
                  puede ser 'std::basic_string<char,std::char_traits<char>,std::allocator<char>>::basic_string(const _Elem *const )'
          with
          [
              _Elem=char
          ]
                      C:\Users\Victor\Documents\DiezJoelMillanVictor_Commando\Player.cpp(432,35):
                      'std::basic_string<char,std::char_traits<char>,std::allocator<char>>::basic_string(const _Elem *const )': el argumento 1 no puede convertirse de 'Animation *' a 'const _Elem *const '
          with
          [
              _Elem=char
          ]
                          C:\Users\Victor\Documents\DiezJoelMillanVictor_Commando\Player.cpp(432,35):
                          Los tipos señalados no están relacionados; la conversión requiere reinterpret_cast, conversión de estilo de C o conversión de estilo de función entre paréntesis
                  C:\Program Files\Microsoft Visual Studio\2022\Community\VC\Tools\MSVC\14.44.35207\include\xstring(1340,5):
                  o       'std::basic_string<char,std::char_traits<char>,std::allocator<char>>::basic_string(std::initializer_list<_Elem>,const _Alloc &)'
          with
          [
              _Elem=char,
              _Alloc=std::allocator<char>
          ]
                      C:\Users\Victor\Documents\DiezJoelMillanVictor_Commando\Player.cpp(432,35):
                      'std::basic_string<char,std::char_traits<char>,std::allocator<char>>::basic_string(std::initializer_list<_Elem>,const _Alloc &)': el argumento 1 no puede convertirse de 'Animation *' a 'std::initializer_list<_Elem>'
          with
          [
              _Elem=char,
              _Alloc=std::allocator<char>
          ]
          and
          [
              _Elem=char
          ]
                          C:\Users\Victor\Documents\DiezJoelMillanVictor_Commando\Player.cpp(432,35):
                          La conversión requiere un segundo operador de conversión definido por el usuario o constructor
                  C:\Program Files\Microsoft Visual Studio\2022\Community\VC\Tools\MSVC\14.44.35207\include\xstring(798,5):
                  o       'std::basic_string<char,std::char_traits<char>,std::allocator<char>>::basic_string(_Iter,_Iter,const _Alloc &)'
          with
          [
              _Alloc=std::allocator<char>
          ]
                  C:\Users\Victor\Documents\DiezJoelMillanVictor_Commando\Player.cpp(432,35):
                  al hacer coincidir la lista de argumentos '(Animation *)'
      C:\Program Files\Microsoft Visual Studio\2022\Community\VC\Tools\MSVC\14.44.35207\include\map(174,18):
      o       'Animation *&std::map<std::string,Animation *,std::less<std::string>,std::allocator<std::pair<const std::string,Animation *>>>::operator [](std::basic_string<char,std::char_traits<char>,std::allocator<char>> &&)'
          C:\Users\Victor\Documents\DiezJoelMillanVictor_Commando\Player.cpp(432,24):
          'Animation *&std::map<std::string,Animation *,std::less<std::string>,std::allocator<std::pair<const std::string,Animation *>>>::operator [](std::basic_string<char,std::char_traits<char>,std::allocator<char>> &&)': el argumento 2 no puede convertirse de 'Animation *' a 'std::basic_string<char,std::char_traits<char>,std::allocator<char>> &&'
              C:\Users\Victor\Documents\DiezJoelMillanVictor_Commando\Player.cpp(432,35):
              Razón: no se puede realizar la conversión de 'Animation *' a 'std::basic_string<char,std::char_traits<char>,std::allocator<char>>'
              C:\Users\Victor\Documents\DiezJoelMillanVictor_Commando\Player.cpp(432,35):
              'std::basic_string<char,std::char_traits<char>,std::allocator<char>>::basic_string':ninguna función sobrecargada pudo convertir todos los tipos de argumento
                  C:\Program Files\Microsoft Visual Studio\2022\Community\VC\Tools\MSVC\14.44.35207\include\xstring(768,5):
                  puede ser 'std::basic_string<char,std::char_traits<char>,std::allocator<char>>::basic_string(const _Elem *const )'
          with
          [
              _Elem=char
          ]
                      C:\Users\Victor\Documents\DiezJoelMillanVictor_Commando\Player.cpp(432,35):
                      'std::basic_string<char,std::char_traits<char>,std::allocator<char>>::basic_string(const _Elem *const )': el argumento 1 no puede convertirse de 'Animation *' a 'const _Elem *const '
          with
          [
              _Elem=char
          ]
                          C:\Users\Victor\Documents\DiezJoelMillanVictor_Commando\Player.cpp(432,35):
                          Los tipos señalados no están relacionados; la conversión requiere reinterpret_cast, conversión de estilo de C o conversión de estilo de función entre paréntesis
                  C:\Program Files\Microsoft Visual Studio\2022\Community\VC\Tools\MSVC\14.44.35207\include\xstring(1340,5):
                  o       'std::basic_string<char,std::char_traits<char>,std::allocator<char>>::basic_string(std::initializer_list<_Elem>,const _Alloc &)'
          with
          [
              _Elem=char,
              _Alloc=std::allocator<char>
          ]
                      C:\Users\Victor\Documents\DiezJoelMillanVictor_Commando\Player.cpp(432,35):
                      'std::basic_string<char,std::char_traits<char>,std::allocator<char>>::basic_string(std::initializer_list<_Elem>,const _Alloc &)': el argumento 1 no puede convertirse de 'Animation *' a 'std::initializer_list<_Elem>'
          with
          [
              _Elem=char,
              _Alloc=std::allocator<char>
          ]
          and
          [
              _Elem=char
          ]
                          C:\Users\Victor\Documents\DiezJoelMillanVictor_Commando\Player.cpp(432,35):
                          La conversión requiere un segundo operador de conversión definido por el usuario o constructor
                  C:\Program Files\Microsoft Visual Studio\2022\Community\VC\Tools\MSVC\14.44.35207\include\xstring(798,5):
                  o       'std::basic_string<char,std::char_traits<char>,std::allocator<char>>::basic_string(_Iter,_Iter,const _Alloc &)'
          with
          [
              _Alloc=std::allocator<char>
          ]
                  C:\Users\Victor\Documents\DiezJoelMillanVictor_Commando\Player.cpp(432,35):
                  al hacer coincidir la lista de argumentos '(Animation *)'
      C:\Users\Victor\Documents\DiezJoelMillanVictor_Commando\Player.cpp(432,24):
      al hacer coincidir la lista de argumentos '(std::map<std::string,Animation *,std::less<std::string>,std::allocator<std::pair<const std::string,Animation *>>>, Animation *)'
  
